1637170389290	geckodriver	INFO	Listening on 127.0.0.1:64090
1637170389810	mozrunner::runner	INFO	Running command: "C:\\Program Files (x86)\\Mozilla Firefox\\firefox.exe" "--marionette" "-no-remote" "-profile" "C:\\Users\\mongoose\\AppData\\Local\\Temp\\rust_mozprofile4EXkAo"
1637170390781	Marionette	INFO	Marionette enabled
console.warn: SearchSettings: "get: No settings file exists, new profile?" (new NotFoundError("Could not open the file at C:\\Users\\mongoose\\AppData\\Local\\Temp\\rust_mozprofile4EXkAo\\search.json.mozlz4", (void 0)))
console.error: BackgroundUpdate: 
  maybeScheduleBackgroundUpdateTask: exiting after uncaught exception in maybeScheduleBackgroundUpdateTask!
  Message: [Exception... "Component returned failure code: 0x80004005 (NS_ERROR_FAILURE) [nsIWinTaskSchedulerService.deleteTask]"  nsresult: "0x80004005 (NS_ERROR_FAILURE)"  location: "JS frame :: resource://gre/modules/TaskSchedulerWinImpl.jsm :: deleteTask :: line 60"  data: no]
  Stack:
    deleteTask@resource://gre/modules/TaskSchedulerWinImpl.jsm:60:16
deleteTask@resource://gre/modules/TaskScheduler.jsm:145:18
maybeScheduleBackgroundUpdateTask@resource://gre/modules/BackgroundUpdate.jsm:478:31

1637170393432	Marionette	INFO	Listening on port 64095
1637170393726	RemoteAgent	WARN	TLS certificate errors will be ignored for this session
JavaScript error: http://selenium1py.pythonanywhere.com/ru/catalogue/the-shellcoders-handbook_209/?promo=newYear, line 614: ReferenceError: oscar is not defined
1637170395995	Marionette	WARN	TimedPromise timed out after 500 ms: stacktrace:
TimedPromise/<@chrome://remote/content/marionette/sync.js:238:19
TimedPromise@chrome://remote/content/marionette/sync.js:223:10
interaction.flushEventLoop@chrome://remote/content/marionette/interaction.js:431:10
webdriverClickElement@chrome://remote/content/marionette/interaction.js:179:31
JavaScript error: http://selenium1py.pythonanywhere.com/ru/catalogue/the-shellcoders-handbook_209/?promo=newYear, line 718: ReferenceError: oscar is not defined
1637170615856	Marionette	INFO	Stopped listening on port 64095
console.warn: TopSitesFeed: Failed to fetch data from Contile server: NetworkError when attempting to fetch resource.
e" "-no-remote" "-profile" "C:\\Users\\mongoose\\AppData\\Local\\Temp\\rust_mozprofilerrhkcy"
1637170477317	Marionette	INFO	Marionette enabled
console.warn: SearchSettings: "get: No settings file exists, new profile?" (new NotFoundError("Could not open the file at C:\\Users\\mongoose\\AppData\\Local\\Temp\\rust_mozprofilerrhkcy\\search.json.mozlz4", (void 0)))
console.error: BackgroundUpdate: 
  maybeScheduleBackgroundUpdateTask: exiting after uncaught exception in maybeScheduleBackgroundUpdateTask!
  Message: [Exception... "Component returned failure code: 0x80004005 (NS_ERROR_FAILURE) [nsIWinTaskSchedulerService.deleteTask]"  nsresult: "0x80004005 (NS_ERROR_FAILURE)"  location: "JS frame :: resource://gre/modules/TaskSchedulerWinImpl.jsm :: deleteTask :: line 60"  data: no]
  Stack:
    deleteTask@resource://gre/modules/TaskSchedulerWinImpl.jsm:60:16
deleteTask@resource://gre/modules/TaskScheduler.jsm:145:18
maybeScheduleBackgroundUpdateTask@resource://gre/modules/BackgroundUpdate.jsm:478:31

1637170479405	Marionette	INFO	Listening on port 64153
1637170479788	RemoteAgent	WARN	TLS certificate errors will be ignored for this session
JavaScript error: http://selenium1py.pythonanywhere.com/ru/catalogue/the-shellcoders-handbook_209/?promo=newYear, line 614: ReferenceError: oscar is not defined
1637170481493	Marionette	INFO	Stopped listening on port 64153
[GFX1-]: RenderCompositorSWGL failed mapping default framebuffer, no dt
[Parent 1956, IPC I/O Parent] WARNING: file /builds/worker/checkouts/gecko/ipc/chromium/src/base/process_util_win.cc:167
1637170492147	geckodriver	INFO	Listening on 127.0.0.1:64193
1637170492693	mozrunner::runner	INFO	Running command: "C:\\Program Files (x86)\\Mozilla Firefox\\firefox.exe" "--marionette" "-no-remote" "-profile" "C:\\Users\\mongoose\\AppData\\Local\\Temp\\rust_mozprofileo2mPiy"
1637170493485	Marionette	INFO	Marionette enabled
console.warn: SearchSettings: "get: No settings file exists, new profile?" (new NotFoundError("Could not open the file at C:\\Users\\mongoose\\AppData\\Local\\Temp\\rust_mozprofileo2mPiy\\search.json.mozlz4", (void 0)))
console.error: BackgroundUpdate: 
  maybeScheduleBackgroundUpdateTask: exiting after uncaught exception in maybeScheduleBackgroundUpdateTask!
  Message: [Exception... "Component returned failure code: 0x80004005 (NS_ERROR_FAILURE) [nsIWinTaskSchedulerService.deleteTask]"  nsresult: "0x80004005 (NS_ERROR_FAILURE)"  location: "JS frame :: resource://gre/modules/TaskSchedulerWinImpl.jsm :: deleteTask :: line 60"  data: no]
  Stack:
    deleteTask@resource://gre/modules/TaskSchedulerWinImpl.jsm:60:16
deleteTask@resource://gre/modules/TaskScheduler.jsm:145:18
maybeScheduleBackgroundUpdateTask@resource://gre/modules/BackgroundUpdate.jsm:478:31

1637170495450	Marionette	INFO	Listening on port 64198
1637170495553	RemoteAgent	WARN	TLS certificate errors will be ignored for this session
JavaScript error: http://selenium1py.pythonanywhere.com/ru/catalogue/the-shellcoders-handbook_209/?promo=newYear, line 614: ReferenceError: oscar is not defined
1637170501169	Marionette	WARN	TimedPromise timed out after 500 ms: stacktrace:
TimedPromise/<@chrome://remote/content/marionette/sync.js:238:19
TimedPromise@chrome://remote/content/marionette/sync.js:223:10
interaction.flushEventLoop@chrome://remote/content/marionette/interaction.js:431:10
webdriverClickElement@chrome://remote/content/marionette/interaction.js:179:31
1637170631650	Marionette	INFO	Stopped listening on port 64198
console.warn: TopSitesFeed: Failed to fetch data from Contile server: NetworkError when attempting to fetch resource.
1637170651654	geckodriver	INFO	Listening on 127.0.0.1:60307
1637170652173	mozrunner::runner	INFO	Running command: "C:\\Program Files (x86)\\Mozilla Firefox\\firefox.exe" "--marionette" "-no-remote" "-profile" "C:\\Users\\mongoose\\AppData\\Local\\Temp\\rust_mozprofile93wpsn"
1637170653038	Marionette	INFO	Marionette enabled
console.warn: SearchSettings: "get: No settings file exists, new profile?" (new NotFoundError("Could not open the file at C:\\Users\\mongoose\\AppData\\Local\\Temp\\rust_mozprofile93wpsn\\search.json.mozlz4", (void 0)))
console.error: BackgroundUpdate: 
  maybeScheduleBackgroundUpdateTask: exiting after uncaught exception in maybeScheduleBackgroundUpdateTask!
  Message: [Exception... "Component returned failure code: 0x80004005 (NS_ERROR_FAILURE) [nsIWinTaskSchedulerService.deleteTask]"  nsresult: "0x80004005 (NS_ERROR_FAILURE)"  location: "JS frame :: resource://gre/modules/TaskSchedulerWinImpl.jsm :: deleteTask :: line 60"  data: no]
  Stack:
    deleteTask@resource://gre/modules/TaskSchedulerWinImpl.jsm:60:16
deleteTask@resource://gre/modules/TaskScheduler.jsm:145:18
maybeScheduleBackgroundUpdateTask@resource://gre/modules/BackgroundUpdate.jsm:478:31

1637170655040	Marionette	INFO	Listening on port 64314
1637170655436	RemoteAgent	WARN	TLS certificate errors will be ignored for this session
JavaScript error: http://selenium1py.pythonanywhere.com/ru/catalogue/the-shellcoders-handbook_209/?promo=newYear, line 614: ReferenceError: oscar is not defined
1637170657438	Marionette	WARN	TimedPromise timed out after 500 ms: stacktrace:
TimedPromise/<@chrome://remote/content/marionette/sync.js:238:19
TimedPromise@chrome://remote/content/marionette/sync.js:223:10
interaction.flushEventLoop@chrome://remote/content/marionette/interaction.js:431:10
webdriverClickElement@chrome://remote/content/marionette/interaction.js:179:31
JavaScript error: http://selenium1py.pythonanywhere.com/ru/catalogue/the-shellcoders-handbook_209/?promo=newYear, line 718: ReferenceError: oscar is not defined
console.log: WebExtensions: reset-default-search: starting.
console.log: WebExtensions: reset-default-search: No addons in our list are installed.
[GFX1-]: RenderCompositorSWGL failed mapping default framebuffer, no dt
1637171324987	Marionette	INFO	Stopped listening on port 64314

###!!! [Parent][RunMessage] Error: Channel closing: too late to send/recv, messages will be lost

